[2026-04-22 07:08:27] ==========================================
[2026-04-22 07:08:27] Aatma Sutra — chapter ingestion started
[2026-04-22 07:08:28] Manifest: /d/spiritual_wiki/wiki/.ingest/aatma-sutra.json
[2026-04-22 07:08:28] ==========================================
[2026-04-22 07:08:28] ──────────────────────────────────────────────────────
[2026-04-22 07:08:28] Chapter 5: Destiny  (lines 864–1083)
[2026-04-22 07:08:29] ──────────────────────────────────────────────────────
[2026-04-22 07:08:29] [DRY RUN] Prompt written to /tmp/ingest-prompt-SSZd43.txt — skipping execution
[2026-04-22 07:08:30] [DRY RUN] Would have processed Ch.5. Stopping after first chapter in dry-run mode.
[2026-04-22 07:08:30] ==========================================
[2026-04-22 07:08:30] All done.
[2026-04-22 07:08:30] ==========================================
[2026-04-22 07:09:11] ==========================================
[2026-04-22 07:09:12] Aatma Sutra — chapter ingestion started
[2026-04-22 07:09:12] Manifest: /d/spiritual_wiki/wiki/.ingest/aatma-sutra.json
[2026-04-22 07:09:12] ==========================================
[2026-04-22 07:09:12] ──────────────────────────────────────────────────────
[2026-04-22 07:09:13] Chapter 5: Destiny  (lines 864–1083)
[2026-04-22 07:09:13] ──────────────────────────────────────────────────────
[2026-04-22 07:09:13] [DRY RUN] Prompt written to /tmp/ingest-prompt-awpyyE.txt — skipping execution
[2026-04-22 07:09:13] [DRY RUN] Would have processed Ch.5. Stopping after first chapter in dry-run mode.
[2026-04-22 07:09:14] ==========================================
[2026-04-22 07:09:14] All done.
[2026-04-22 07:09:14] ==========================================
